<?xml version="1.0" encoding="UTF-8"?>
<testng-results ignored="0" total="1" passed="1" failed="0" skipped="0">
  <reporter-output>
  </reporter-output>
  <suite started-at="2023-10-30T15:23:32 IST" name="Default suite" finished-at="2023-10-30T15:25:57 IST" duration-ms="145243">
    <groups>
    </groups>
    <test started-at="2023-10-30T15:23:32 IST" name="Default test" finished-at="2023-10-30T15:25:57 IST" duration-ms="145243">
      <class name="libertytestpkg.Libertytest">
        <test-method is-config="true" signature="setup()[pri:0, instance:libertytestpkg.Libertytest@49e53c76]" started-at="2023-10-30T15:23:32 IST" name="setup" finished-at="2023-10-30T15:23:52 IST" duration-ms="20704" status="PASS">
          <reporter-output>
          </reporter-output>
        </test-method> <!-- setup -->
        <test-method is-config="true" signature="urlload()[pri:0, instance:libertytestpkg.Libertytest@49e53c76]" started-at="2023-10-30T15:23:52 IST" name="urlload" finished-at="2023-10-30T15:24:07 IST" duration-ms="14782" status="PASS">
          <reporter-output>
          </reporter-output>
        </test-method> <!-- urlload -->
        <test-method signature="test1()[pri:0, instance:libertytestpkg.Libertytest@49e53c76]" started-at="2023-10-30T15:24:07 IST" name="test1" finished-at="2023-10-30T15:25:57 IST" duration-ms="109597" status="PASS">
          <reporter-output>
          </reporter-output>
        </test-method> <!-- test1 -->
      </class> <!-- libertytestpkg.Libertytest -->
    </test> <!-- Default test -->
  </suite> <!-- Default suite -->
</testng-results>
